<?xml version="1.0" encoding="UTF-8"?>
<testng-results skipped="0" failed="0" ignored="0" total="1" passed="1">
  <reporter-output>
  </reporter-output>
  <suite name="Default suite" duration-ms="88458" started-at="2020-06-01T15:09:10Z" finished-at="2020-06-01T15:10:39Z">
    <groups>
    </groups>
    <test name="Default test" duration-ms="88458" started-at="2020-06-01T15:09:10Z" finished-at="2020-06-01T15:10:39Z">
      <class name="com.inflglen.Test.InfoglenTests">
        <test-method status="PASS" signature="init()[pri:0, instance:com.inflglen.Test.InfoglenTests@29774679]" name="init" is-config="true" duration-ms="10442" started-at="2020-06-01T15:09:10Z" finished-at="2020-06-01T15:09:21Z">
          <reporter-output>
          </reporter-output>
        </test-method> <!-- init -->
        <test-method status="PASS" signature="question1()[pri:1, instance:com.inflglen.Test.InfoglenTests@29774679]" name="question1" duration-ms="77949" started-at="2020-06-01T15:09:21Z" finished-at="2020-06-01T15:10:39Z">
          <reporter-output>
          </reporter-output>
        </test-method> <!-- question1 -->
      </class> <!-- com.inflglen.Test.InfoglenTests -->
    </test> <!-- Default test -->
  </suite> <!-- Default suite -->
</testng-results>
